<?xml version="1.0" encoding="UTF-8"?>
<testsuite xmlns:xsi="http://www.w3.org/2001/XMLSchema-instance" xsi:schemaLocation="https://maven.apache.org/surefire/maven-surefire-plugin/xsd/surefire-test-report.xsd" name="TestSuite" time="71.752" tests="23" errors="0" skipped="0" failures="0">
  <properties>
    <property name="java.runtime.name" value="OpenJDK Runtime Environment"/>
    <property name="java.vm.version" value="16.0.2+7-67"/>
    <property name="sun.boot.library.path" value="C:\Users\Prati\.p2\pool\plugins\org.eclipse.justj.openjdk.hotspot.jre.full.win32.x86_64_16.0.2.v20210721-1149\jre\bin"/>
    <property name="maven.multiModuleProjectDirectory" value="C:\Users\Prati\eclipse-workspace\CaseStudy1"/>
    <property name="java.vm.vendor" value="Oracle Corporation"/>
    <property name="java.vendor.url" value="https://java.oracle.com/"/>
    <property name="guice.disable.misplaced.annotation.check" value="true"/>
    <property name="path.separator" value=";"/>
    <property name="java.vm.name" value="OpenJDK 64-Bit Server VM"/>
    <property name="sun.os.patch.level" value=""/>
    <property name="user.script" value=""/>
    <property name="user.country" value="IN"/>
    <property name="sun.java.launcher" value="SUN_STANDARD"/>
    <property name="java.vm.specification.name" value="Java Virtual Machine Specification"/>
    <property name="user.dir" value="C:\Users\Prati\eclipse-workspace\CaseStudy1"/>
    <property name="java.vm.compressedOopsMode" value="32-bit"/>
    <property name="java.runtime.version" value="16.0.2+7-67"/>
    <property name="os.arch" value="amd64"/>
    <property name="java.io.tmpdir" value="C:\Users\Prati\AppData\Local\Temp\"/>
    <property name="line.separator" value="&#10;"/>
    <property name="java.vm.specification.vendor" value="Oracle Corporation"/>
    <property name="user.variant" value=""/>
    <property name="os.name" value="Windows 10"/>
    <property name="classworlds.conf" value="C:\Users\Prati\eclipse-workspace\.metadata\.plugins\org.eclipse.m2e.launching\launches\m2conf12512348307603695955.tmp"/>
    <property name="sun.jnu.encoding" value="Cp1252"/>
    <property name="java.library.path" value="C:\Users\Prati\.p2\pool\plugins\org.eclipse.justj.openjdk.hotspot.jre.full.win32.x86_64_16.0.2.v20210721-1149\jre\bin;C:\Windows\Sun\Java\bin;C:\Windows\system32;C:\Windows;C:/Users/Prati/.p2/pool/plugins/org.eclipse.justj.openjdk.hotspot.jre.full.win32.x86_64_16.0.2.v20210721-1149/jre/bin/server;C:/Users/Prati/.p2/pool/plugins/org.eclipse.justj.openjdk.hotspot.jre.full.win32.x86_64_16.0.2.v20210721-1149/jre/bin;C:\ProgramData\Oracle\Java\javapath;C:\Windows\system32;C:\Windows;C:\Windows\System32\Wbem;C:\Windows\System32\WindowsPowerShell\v1.0\;C:\Windows\System32\OpenSSH\;C:\Program Files (x86)\NVIDIA Corporation\PhysX\Common;C:\Program Files\NVIDIA Corporation\NVIDIA NvDLISR;C:\Program Files\Java\jre-9.0.4\bin;C:\Program Files\Java\jdk-9.0.4\bin;C:\Users\Prati\AppData\Local\Microsoft\WindowsApps;;C:\Users\Prati\OneDrive\Desktop;;."/>
    <property name="jdk.debug" value="release"/>
    <property name="java.class.version" value="60.0"/>
    <property name="java.specification.name" value="Java Platform API Specification"/>
    <property name="sun.management.compiler" value="HotSpot 64-Bit Tiered Compilers"/>
    <property name="os.version" value="10.0"/>
    <property name="user.home" value="C:\Users\Prati"/>
    <property name="user.timezone" value="Asia/Calcutta"/>
    <property name="file.encoding" value="Cp1252"/>
    <property name="java.specification.version" value="16"/>
    <property name="user.name" value="Prati"/>
    <property name="java.class.path" value="C:\Users\Prati\.p2\pool\plugins\org.eclipse.m2e.maven.runtime_1.18.0.20210618-2246\jars\plexus-classworlds-2.6.0.jar"/>
    <property name="java.vm.specification.version" value="16"/>
    <property name="sun.arch.data.model" value="64"/>
    <property name="sun.java.command" value="org.codehaus.plexus.classworlds.launcher.Launcher -B clean test verify"/>
    <property name="java.home" value="C:\Users\Prati\.p2\pool\plugins\org.eclipse.justj.openjdk.hotspot.jre.full.win32.x86_64_16.0.2.v20210721-1149\jre"/>
    <property name="user.language" value="en"/>
    <property name="java.specification.vendor" value="Oracle Corporation"/>
    <property name="java.vm.info" value="mixed mode"/>
    <property name="java.version" value="16.0.2"/>
    <property name="java.vendor" value="Oracle Corporation"/>
    <property name="maven.home" value="C:\Users\Prati\eclipse-workspace\CaseStudy1\EMBEDDED"/>
    <property name="file.separator" value="\"/>
    <property name="java.version.date" value="2021-07-20"/>
    <property name="java.vendor.url.bug" value="https://bugreport.java.com/bugreport/"/>
    <property name="sun.io.unicode.encoding" value="UnicodeLittle"/>
    <property name="sun.cpu.endian" value="little"/>
    <property name="sun.cpu.isalist" value="amd64"/>
  </properties>
  <testcase name="validateWindowTitle" classname="TestCases.WindowPage" time="0.011"/>
  <testcase name="validatemultiplewindowTest" classname="TestCases.WindowPage" time="7.303"/>
  <testcase name="ValidateFramePagelogo" classname="TestCases.FramesPage" time="0.068"/>
  <testcase name="validateFrameTitle" classname="TestCases.FramesPage" time="0.411"/>
  <testcase name="validateFrames" classname="TestCases.FramesPage" time="14.332"/>
  <testcase name="Validatedatepicker" classname="TestCases.Datepicker" time="6.01"/>
  <testcase name="validateDateTitle" classname="TestCases.Datepicker" time="0.005"/>
  <testcase name="ValidateAlertPageTitle" classname="TestCases.AlertPage" time="0.011"/>
  <testcase name="validateAlertwithOK" classname="TestCases.AlertPage" time="0.054"/>
  <testcase name="validatealertwithokandcancel" classname="TestCases.AlertPage" time="0.103"/>
  <testcase name="validatealertwithtextbox" classname="TestCases.AlertPage" time="0.107"/>
  <testcase name="ValidateFirstPassword" classname="TestCases.RegisterPage" time="0.113"/>
  <testcase name="ValidateSecondPassword" classname="TestCases.RegisterPage" time="0.082"/>
  <testcase name="ValidateTel" classname="TestCases.RegisterPage" time="0.067"/>
  <testcase name="Validate_DOB" classname="TestCases.RegisterPage" time="0.159"/>
  <testcase name="Validate_Hobbies" classname="TestCases.RegisterPage" time="0.144"/>
  <testcase name="Validate_Skill" classname="TestCases.RegisterPage" time="0.073"/>
  <testcase name="Validate_Submit_button" classname="TestCases.RegisterPage" time="0.012"/>
  <testcase name="Validateaddress" classname="TestCases.RegisterPage" time="0.078"/>
  <testcase name="Validategender" classname="TestCases.RegisterPage" time="0.075"/>
  <testcase name="validateEmailTest" classname="TestCases.RegisterPage" time="0.149"/>
  <testcase name="validateFirstLastNameTest" classname="TestCases.RegisterPage" time="0.13"/>
  <testcase name="validateRegTitle" classname="TestCases.RegisterPage" time="0.005"/>
</testsuite>