<?xml version="1.0" encoding="UTF-8"?>
<!-- Generated by org.testng.reporters.JUnitReportReporter -->
<testsuite hostname="Pratik" failures="0" tests="2" name="TestCases.WindowPage" time="4.516" errors="0" timestamp="2024-03-01T16:31:18 IST" skipped="0">
  <testcase classname="TestCases.WindowPage" name="validatemultiplewindowTest" time="4.484"/>
  <system-out/>
  <testcase classname="TestCases.WindowPage" name="validateWindowTitle" time="0.032"/>
  <system-out/>
</testsuite> <!-- TestCases.WindowPage -->
