<?xml version="1.0" encoding="UTF-8"?>
<!-- Generated by org.testng.reporters.JUnitReportReporter -->
<testsuite hostname="Pratik" failures="0" tests="2" name="TestCases.Datepicker" time="2.267" errors="0" timestamp="2024-03-01T16:31:18 IST" skipped="0">
  <testcase classname="TestCases.Datepicker" name="Validatedatepicker" time="2.253"/>
  <system-out/>
  <testcase classname="TestCases.Datepicker" name="validateDateTitle" time="0.014"/>
  <system-out/>
</testsuite> <!-- TestCases.Datepicker -->
