<?xml version="1.0" encoding="UTF-8"?>
<!-- Generated by org.testng.reporters.JUnitReportReporter -->
<testsuite hostname="Pratik" failures="0" tests="12" name="TestCases.RegisterPage" time="1.803" errors="0" timestamp="2024-03-01T16:31:18 IST" skipped="0">
  <testcase classname="TestCases.RegisterPage" name="ValidateSecondPassword" time="0.127"/>
  <system-out/>
  <testcase classname="TestCases.RegisterPage" name="validateEmailTest" time="0.112"/>
  <system-out/>
  <testcase classname="TestCases.RegisterPage" name="Validate_Submit_button" time="0.023"/>
  <system-out/>
  <testcase classname="TestCases.RegisterPage" name="ValidateTel" time="0.117"/>
  <system-out/>
  <testcase classname="TestCases.RegisterPage" name="validateRegTitle" time="0.013"/>
  <system-out/>
  <testcase classname="TestCases.RegisterPage" name="Validateaddress" time="0.190"/>
  <system-out/>
  <testcase classname="TestCases.RegisterPage" name="ValidateFirstPassword" time="0.179"/>
  <system-out/>
  <testcase classname="TestCases.RegisterPage" name="validateFirstLastNameTest" time="0.254"/>
  <system-out/>
  <testcase classname="TestCases.RegisterPage" name="Validate_DOB" time="0.265"/>
  <system-out/>
  <testcase classname="TestCases.RegisterPage" name="Validate_Skill" time="0.152"/>
  <system-out/>
  <testcase classname="TestCases.RegisterPage" name="Validate_Hobbies" time="0.286"/>
  <system-out/>
  <testcase classname="TestCases.RegisterPage" name="Validategender" time="0.085"/>
  <system-out/>
</testsuite> <!-- TestCases.RegisterPage -->
