<?xml version="1.0" encoding="UTF-8"?>
<!-- Generated by org.testng.reporters.JUnitReportReporter -->
<testsuite hostname="Pratik" failures="0" tests="3" name="TestCases.FramesPage" time="35.456" errors="0" timestamp="2024-03-01T16:31:18 IST" skipped="0">
  <testcase classname="TestCases.FramesPage" name="ValidateFramePagelogo" time="0.096"/>
  <system-out/>
  <testcase classname="TestCases.FramesPage" name="validateFrames" time="34.491"/>
  <system-out/>
  <testcase classname="TestCases.FramesPage" name="validateFrameTitle" time="0.869"/>
  <system-out/>
</testsuite> <!-- TestCases.FramesPage -->
