<?xml version="1.0" encoding="UTF-8"?>
<!-- Generated by org.testng.reporters.JUnitReportReporter -->
<testsuite hostname="Pratik" failures="0" tests="4" name="TestCases.AlertPage" time="0.581" errors="0" timestamp="2024-03-01T16:31:18 IST" skipped="0">
  <testcase classname="TestCases.AlertPage" name="validateAlertwithOK" time="0.145"/>
  <system-out/>
  <testcase classname="TestCases.AlertPage" name="validatealertwithtextbox" time="0.187"/>
  <system-out/>
  <testcase classname="TestCases.AlertPage" name="validatealertwithokandcancel" time="0.217"/>
  <system-out/>
  <testcase classname="TestCases.AlertPage" name="ValidateAlertPageTitle" time="0.032"/>
  <system-out/>
</testsuite> <!-- TestCases.AlertPage -->
