<?xml version="1.0" encoding="UTF-8"?>
<!-- Generated by org.testng.reporters.JUnitReportReporter -->
<testsuite hostname="LAPTOP-EK8R1102" failures="0" tests="2" name="TestCases.Datepicker" time="6.016" errors="0" timestamp="11 Nov 2021 02:08:52 GMT" skipped="0">
  <testcase classname="TestCases.Datepicker" name="Validatedatepicker" time="6.010"/>
  <testcase classname="TestCases.Datepicker" name="validateDateTitle" time="0.006"/>
</testsuite> <!-- TestCases.Datepicker -->
