<?xml version="1.0" encoding="UTF-8"?>
<!-- Generated by org.testng.reporters.JUnitReportReporter -->
<testsuite hostname="LAPTOP-EK8R1102" failures="0" tests="3" name="TestCases.FramesPage" time="14.809" errors="0" timestamp="11 Nov 2021 02:08:52 GMT" skipped="0">
  <testcase classname="TestCases.FramesPage" name="validateFrameTitle" time="0.411"/>
  <testcase classname="TestCases.FramesPage" name="ValidateFramePagelogo" time="0.067"/>
  <testcase classname="TestCases.FramesPage" name="validateFrames" time="14.331"/>
</testsuite> <!-- TestCases.FramesPage -->
