<?xml version="1.0" encoding="UTF-8"?>
<!-- Generated by org.testng.reporters.JUnitReportReporter -->
<testsuite hostname="LAPTOP-EK8R1102" failures="0" tests="2" name="TestCases.WindowPage" time="7.315" errors="0" timestamp="11 Nov 2021 02:08:52 GMT" skipped="0">
  <testcase classname="TestCases.WindowPage" name="validateWindowTitle" time="0.010"/>
  <testcase classname="TestCases.WindowPage" name="validatemultiplewindowTest" time="7.305"/>
</testsuite> <!-- TestCases.WindowPage -->
