<?xml version="1.0" encoding="UTF-8"?>
<!-- Generated by org.testng.reporters.JUnitReportReporter -->
<testsuite hostname="LAPTOP-EK8R1102" failures="0" tests="12" name="TestCases.RegisterPage" time="1.085" errors="0" timestamp="11 Nov 2021 02:08:52 GMT" skipped="0">
  <testcase classname="TestCases.RegisterPage" name="Validate_Hobbies" time="0.144"/>
  <testcase classname="TestCases.RegisterPage" name="Validateaddress" time="0.079"/>
  <testcase classname="TestCases.RegisterPage" name="Validate_DOB" time="0.158"/>
  <testcase classname="TestCases.RegisterPage" name="Validate_Submit_button" time="0.011"/>
  <testcase classname="TestCases.RegisterPage" name="validateEmailTest" time="0.149"/>
  <testcase classname="TestCases.RegisterPage" name="validateRegTitle" time="0.005"/>
  <testcase classname="TestCases.RegisterPage" name="Validate_Skill" time="0.072"/>
  <testcase classname="TestCases.RegisterPage" name="validateFirstLastNameTest" time="0.130"/>
  <testcase classname="TestCases.RegisterPage" name="ValidateFirstPassword" time="0.113"/>
  <testcase classname="TestCases.RegisterPage" name="Validategender" time="0.075"/>
  <testcase classname="TestCases.RegisterPage" name="ValidateTel" time="0.067"/>
  <testcase classname="TestCases.RegisterPage" name="ValidateSecondPassword" time="0.082"/>
</testsuite> <!-- TestCases.RegisterPage -->
