<?xml version="1.0" encoding="UTF-8"?>
<!-- Generated by org.testng.reporters.JUnitReportReporter -->
<testsuite hostname="LAPTOP-EK8R1102" failures="0" tests="4" name="TestCases.AlertPage" time="0.277" errors="0" timestamp="11 Nov 2021 02:08:52 GMT" skipped="0">
  <testcase classname="TestCases.AlertPage" name="validatealertwithokandcancel" time="0.104"/>
  <testcase classname="TestCases.AlertPage" name="validatealertwithtextbox" time="0.108"/>
  <testcase classname="TestCases.AlertPage" name="ValidateAlertPageTitle" time="0.011"/>
  <testcase classname="TestCases.AlertPage" name="validateAlertwithOK" time="0.054"/>
</testsuite> <!-- TestCases.AlertPage -->
